2025-08-29 14:05:26.807 [info] [main] Log level: Info
2025-08-29 14:05:26.807 [info] [main] Validating found git in: "git"
2025-08-29 14:05:26.807 [info] [main] Using git "2.50.1" from "git"
2025-08-29 14:05:26.807 [info] [Model][doInitialScan] Initial repository scan started
2025-08-29 14:05:26.807 [info] > git rev-parse --show-toplevel [9ms]
2025-08-29 14:05:26.807 [info] > git rev-parse --git-dir --git-common-dir [4ms]
2025-08-29 14:05:26.807 [info] [Model][openRepository] Opened repository (path): /home/winter/Configs
2025-08-29 14:05:26.807 [info] [Model][openRepository] Opened repository (real path): /home/winter/Configs
2025-08-29 14:05:26.808 [info] > git rev-parse --show-toplevel [416ms]
2025-08-29 14:05:26.809 [info] > git config --get commit.template [430ms]
2025-08-29 14:05:26.899 [info] [Git][getRemotes] No remotes found in the git config file
2025-08-29 14:05:26.900 [info] > git rev-parse --show-toplevel [20ms]
2025-08-29 14:05:26.901 [info] [Model][doInitialScan] Initial repository scan completed - repositories (1), closed repositories (0), parent repositories (0), unsafe repositories (0)
2025-08-29 14:05:26.927 [info] > git show --textconv :rmbulk.bash [14ms]
2025-08-29 14:05:26.940 [info] > git for-each-ref --format=%(refname)%00%(upstream:short)%00%(objectname)%00%(upstream:track)%00%(upstream:remotename)%00%(upstream:remoteref) refs/heads/master refs/remotes/master [42ms]
2025-08-29 14:05:26.940 [warning] [Git][getBranch] No such branch: master
2025-08-29 14:05:26.987 [info] > git hash-object -t tree /dev/null [47ms]
2025-08-29 14:05:26.987 [warning] [GitFileSystemProvider][readFile] File not found - git:/home/winter/Configs/rmbulk.bash.git?%7B%22path%22%3A%22%2Fhome%2Fwinter%2FConfigs%2Frmbulk.bash%22%2C%22ref%22%3A%22%22%7D
2025-08-29 14:05:26.989 [info] > git ls-files --stage -- rmbulk.bash [64ms]
2025-08-29 14:05:26.990 [warning] [GitFileSystemProvider][stat] File not found - git:/home/winter/Configs/rmbulk.bash.git?%7B%22path%22%3A%22%2Fhome%2Fwinter%2FConfigs%2Frmbulk.bash%22%2C%22ref%22%3A%22%22%7D
2025-08-29 14:05:27.017 [info] > git for-each-ref --sort -committerdate --format %(refname)%00%(objectname)%00%(*objectname) [49ms]
2025-08-29 14:05:29.003 [info] > git status -z -uall [2050ms] (cancelled)
2025-08-29 14:05:29.003 [info] > git check-ignore -v -z --stdin [22ms]
2025-08-29 14:05:29.016 [info] > git for-each-ref --format=%(refname)%00%(upstream:short)%00%(objectname)%00%(upstream:track)%00%(upstream:remotename)%00%(upstream:remoteref) refs/heads/master refs/remotes/master [1694ms]
2025-08-29 14:05:29.016 [warning] [Git][getBranch] No such branch: master
2025-08-29 14:05:29.017 [error] [GitHistoryProvider][resolveHEADMergeBase] Failed to resolve merge base for master: Error: No such branch: master.
2025-08-29 14:05:29.057 [info] > git config --get commit.template [57ms]
2025-08-29 14:05:29.062 [info] [Git][getRemotes] No remotes found in the git config file
2025-08-29 14:05:29.083 [info] > git for-each-ref --format=%(refname)%00%(upstream:short)%00%(objectname)%00%(upstream:track)%00%(upstream:remotename)%00%(upstream:remoteref) refs/heads/master refs/remotes/master [2ms]
2025-08-29 14:05:29.083 [warning] [Git][getBranch] No such branch: master
2025-08-29 14:05:29.111 [info] > git for-each-ref --sort -committerdate --format %(refname)%00%(objectname)%00%(*objectname) [1ms]
2025-08-29 14:05:31.152 [info] > git status -z -uall [2056ms] (cancelled)
2025-08-29 14:05:31.152 [info] > git fetch [1765ms]
2025-08-29 14:05:31.207 [info] > git config --get commit.template [3ms]
2025-08-29 14:05:31.207 [info] > git log --format=%H%n%aN%n%aE%n%at%n%ct%n%P%n%D%n%B -z --shortstat --diff-merges=first-parent -n50 --skip=0 --topo-order --decorate=full --stdin [35ms]
2025-08-29 14:05:31.207 [info] fatal: bad revision 'refs/heads/master'
2025-08-29 14:05:31.208 [error] [GitHistoryProvider][provideHistoryItems] Failed to get history items with options '{"historyItemRefs":["refs/heads/master"],"limit":50,"skip":0}': Failed to execute git {
  "exitCode": 128,
  "gitCommand": "log",
  "stdout": "",
  "stderr": "fatal: bad revision 'refs/heads/master'\n"
}
2025-08-29 14:05:31.224 [info] [Git][getRemotes] No remotes found in the git config file
2025-08-29 14:05:31.226 [info] > git for-each-ref --format=%(refname)%00%(upstream:short)%00%(objectname)%00%(upstream:track)%00%(upstream:remotename)%00%(upstream:remoteref) refs/heads/master refs/remotes/master [2ms]
2025-08-29 14:05:31.226 [warning] [Git][getBranch] No such branch: master
2025-08-29 14:05:31.278 [info] > git for-each-ref --sort -committerdate --format %(refname)%00%(objectname)%00%(*objectname) [3ms]
2025-08-29 14:05:32.964 [info] > git status -z -uall [1719ms] (cancelled)
2025-08-29 14:05:32.991 [info] > git check-ignore -v -z --stdin [12ms]
2025-08-29 14:05:34.778 [info] > git log --format=%H%n%aN%n%aE%n%at%n%ct%n%P%n%D%n%B -z --shortstat --diff-merges=first-parent -n50 --skip=0 --topo-order --decorate=full --stdin [3ms]
2025-08-29 14:05:34.778 [info] fatal: bad revision 'refs/heads/master'
2025-08-29 14:05:34.778 [error] [GitHistoryProvider][provideHistoryItems] Failed to get history items with options '{"historyItemRefs":["refs/heads/master"],"limit":50,"skip":0}': Failed to execute git {
  "exitCode": 128,
  "gitCommand": "log",
  "stdout": "",
  "stderr": "fatal: bad revision 'refs/heads/master'\n"
}
2025-08-29 14:05:39.289 [info] > git check-ignore -v -z --stdin [11ms]
2025-08-29 14:05:43.363 [info] > git log --format=%H%n%aN%n%aE%n%at%n%ct%n%P%n%D%n%B -z --shortstat --diff-merges=first-parent -n50 --skip=0 --topo-order --decorate=full --stdin [5ms]
2025-08-29 14:05:43.363 [info] fatal: bad revision 'refs/heads/master'
2025-08-29 14:05:43.364 [error] [GitHistoryProvider][provideHistoryItems] Failed to get history items with options '{"historyItemRefs":["refs/heads/master"],"limit":50,"skip":0}': Failed to execute git {
  "exitCode": 128,
  "gitCommand": "log",
  "stdout": "",
  "stderr": "fatal: bad revision 'refs/heads/master'\n"
}
2025-08-29 14:05:46.897 [info] > git check-ignore -v -z --stdin [17ms]
2025-08-29 14:05:49.356 [info] > git check-ignore -v -z --stdin [9ms]
