2025-08-29 13:35:28.162 [info] [main] Log level: Info
2025-08-29 13:35:28.162 [info] [main] Validating found git in: "git"
2025-08-29 13:35:28.162 [info] [main] Using git "2.50.1" from "git"
2025-08-29 13:35:28.162 [info] [Model][doInitialScan] Initial repository scan started
2025-08-29 13:35:28.162 [info] > git rev-parse --show-toplevel [258ms]
2025-08-29 13:35:28.162 [info] > git rev-parse --git-dir --git-common-dir [5ms]
2025-08-29 13:35:28.162 [info] [Model][openRepository] Opened repository (path): /home/winter/Configs
2025-08-29 13:35:28.162 [info] [Model][openRepository] Opened repository (real path): /home/winter/Configs
2025-08-29 13:35:28.165 [info] > git config --get commit.template [43ms]
2025-08-29 13:35:28.165 [info] > git fetch [77ms]
2025-08-29 13:35:28.191 [info] > git rev-parse --show-toplevel [59ms]
2025-08-29 13:35:28.193 [info] [Git][getRemotes] No remotes found in the git config file
2025-08-29 13:35:28.232 [info] > git rev-parse --show-toplevel [11ms]
2025-08-29 13:35:28.233 [info] [Model][doInitialScan] Initial repository scan completed - repositories (1), closed repositories (0), parent repositories (0), unsafe repositories (0)
2025-08-29 13:35:28.233 [info] > git for-each-ref --format=%(refname)%00%(upstream:short)%00%(objectname)%00%(upstream:track)%00%(upstream:remotename)%00%(upstream:remoteref) refs/heads/master refs/remotes/master [26ms]
2025-08-29 13:35:28.234 [warning] [Git][getBranch] No such branch: master
2025-08-29 13:35:28.257 [info] > git config --get commit.template [66ms]
2025-08-29 13:35:28.271 [info] [Git][getRemotes] No remotes found in the git config file
2025-08-29 13:35:28.287 [info] > git for-each-ref --format=%(refname)%00%(upstream:short)%00%(objectname)%00%(upstream:track)%00%(upstream:remotename)%00%(upstream:remoteref) refs/heads/master refs/remotes/master [34ms]
2025-08-29 13:35:28.287 [warning] [Git][getBranch] No such branch: master
2025-08-29 13:35:28.288 [error] [GitHistoryProvider][resolveHEADMergeBase] Failed to resolve merge base for master: Error: No such branch: master.
2025-08-29 13:35:28.293 [info] > git config --get commit.template [7ms]
2025-08-29 13:35:28.293 [info] > git for-each-ref --format=%(refname)%00%(upstream:short)%00%(objectname)%00%(upstream:track)%00%(upstream:remotename)%00%(upstream:remoteref) refs/heads/master refs/remotes/master [22ms]
2025-08-29 13:35:28.293 [warning] [Git][getBranch] No such branch: master
2025-08-29 13:35:28.312 [info] [Git][getRemotes] No remotes found in the git config file
2025-08-29 13:35:28.314 [info] > git for-each-ref --format=%(refname)%00%(upstream:short)%00%(objectname)%00%(upstream:track)%00%(upstream:remotename)%00%(upstream:remoteref) refs/heads/master refs/remotes/master [3ms]
2025-08-29 13:35:28.315 [warning] [Git][getBranch] No such branch: master
2025-08-29 13:35:28.348 [info] > git for-each-ref --sort -committerdate --format %(refname)%00%(objectname)%00%(*objectname) [2ms]
2025-08-29 13:35:28.403 [info] > git status -z -uall [73ms] (cancelled)
2025-08-29 13:35:28.559 [info] > git log --format=%H%n%aN%n%aE%n%at%n%ct%n%P%n%D%n%B -z --shortstat --diff-merges=first-parent -n50 --skip=0 --topo-order --decorate=full --stdin [9ms]
2025-08-29 13:35:28.559 [info] fatal: bad revision 'refs/heads/master'
2025-08-29 13:35:28.560 [error] [GitHistoryProvider][provideHistoryItems] Failed to get history items with options '{"historyItemRefs":["refs/heads/master"],"limit":50,"skip":0}': Failed to execute git {
  "exitCode": 128,
  "gitCommand": "log",
  "stdout": "",
  "stderr": "fatal: bad revision 'refs/heads/master'\n"
}
2025-08-29 13:35:30.036 [info] > git check-ignore -v -z --stdin [22ms]
2025-08-29 13:35:30.851 [info] > git check-ignore -v -z --stdin [2ms]
2025-08-29 13:35:53.630 [info] > git check-ignore -v -z --stdin [3ms]
2025-08-29 13:36:14.088 [info] > git add -A -- . [42548ms]
2025-08-29 13:36:15.323 [info] > git show --textconv :.git/COMMIT_EDITMSG [18ms]
2025-08-29 13:36:15.341 [info] > git ls-files --stage -- .git/COMMIT_EDITMSG [19ms]
2025-08-29 13:36:15.360 [info] > git hash-object -t tree /dev/null [19ms]
2025-08-29 13:36:15.361 [warning] [GitFileSystemProvider][readFile] File not found - git:/home/winter/Configs/.git/COMMIT_EDITMSG.git?%7B%22path%22%3A%22%2Fhome%2Fwinter%2FConfigs%2F.git%2FCOMMIT_EDITMSG%22%2C%22ref%22%3A%22%22%7D
2025-08-29 13:36:15.365 [info] > git hash-object -t tree /dev/null [5ms]
2025-08-29 13:36:15.365 [warning] [GitFileSystemProvider][stat] File not found - git:/home/winter/Configs/.git/COMMIT_EDITMSG.git?%7B%22path%22%3A%22%2Fhome%2Fwinter%2FConfigs%2F.git%2FCOMMIT_EDITMSG%22%2C%22ref%22%3A%22%22%7D
2025-08-29 13:36:15.424 [info] > git check-ignore -v -z --stdin [12ms]
2025-08-29 13:36:22.528 [info] > git -c user.useConfigOnly=true commit --quiet [8425ms]
2025-08-29 13:36:22.528 [info] Aborting commit due to empty commit message.
2025-08-29 13:36:22.561 [info] [Git][getRemotes] No remotes found in the git config file
2025-08-29 13:36:22.562 [info] > git config --get commit.template [17ms]
2025-08-29 13:36:22.564 [info] > git for-each-ref --format=%(refname)%00%(upstream:short)%00%(objectname)%00%(upstream:track)%00%(upstream:remotename)%00%(upstream:remoteref) refs/heads/master refs/remotes/master [3ms]
2025-08-29 13:36:22.564 [warning] [Git][getBranch] No such branch: master
2025-08-29 13:36:22.604 [info] > git for-each-ref --sort -committerdate --format %(refname)%00%(objectname)%00%(*objectname) [3ms]
2025-08-29 13:36:22.795 [info] > git status -z -uall [216ms] (cancelled)
