2025-08-26 10:51:20.143 [info] [main] Log level: Info
2025-08-26 10:51:20.143 [info] [main] Validating found git in: "git"
2025-08-26 10:51:20.143 [info] [main] Using git "2.50.1" from "git"
2025-08-26 10:51:20.143 [info] [Model][doInitialScan] Initial repository scan started
2025-08-26 10:51:20.143 [info] > git rev-parse --show-toplevel [299ms]
2025-08-26 10:51:20.143 [info] > git rev-parse --git-dir --git-common-dir [4ms]
2025-08-26 10:51:20.143 [info] [Model][openRepository] Opened repository (path): /home/winter/Games
2025-08-26 10:51:20.143 [info] [Model][openRepository] Opened repository (real path): /home/winter/Games
2025-08-26 10:51:20.169 [info] > git fetch [33ms]
2025-08-26 10:51:20.191 [info] > git rev-parse --show-toplevel [23ms]
2025-08-26 10:51:20.192 [info] [Model][doInitialScan] Initial repository scan completed - repositories (1), closed repositories (0), parent repositories (0), unsafe repositories (0)
2025-08-26 10:51:20.194 [info] > git config --get commit.template [38ms]
2025-08-26 10:51:20.195 [info] > git config --get commit.template [6ms]
2025-08-26 10:51:20.213 [info] [Git][getRemotes] No remotes found in the git config file
2025-08-26 10:51:20.230 [info] [Git][getRemotes] No remotes found in the git config file
2025-08-26 10:51:20.243 [info] > git for-each-ref --format=%(refname)%00%(upstream:short)%00%(objectname)%00%(upstream:track)%00%(upstream:remotename)%00%(upstream:remoteref) refs/heads/master refs/remotes/master [13ms]
2025-08-26 10:51:20.244 [warning] [Git][getBranch] No such branch: master
2025-08-26 10:51:20.276 [info] > git for-each-ref --format=%(refname)%00%(upstream:short)%00%(objectname)%00%(upstream:track)%00%(upstream:remotename)%00%(upstream:remoteref) refs/heads/master refs/remotes/master [64ms]
2025-08-26 10:51:20.276 [warning] [Git][getBranch] No such branch: master
2025-08-26 10:51:20.300 [info] > git for-each-ref --sort -committerdate --format %(refname)%00%(objectname)%00%(*objectname) [24ms] (cancelled)
2025-08-26 10:51:20.345 [info] > git status -z -uall [85ms] (cancelled)
2025-08-26 10:51:20.345 [info] > git for-each-ref --format=%(refname)%00%(upstream:short)%00%(objectname)%00%(upstream:track)%00%(upstream:remotename)%00%(upstream:remoteref) refs/heads/master refs/remotes/master [30ms]
2025-08-26 10:51:20.345 [warning] [Git][getBranch] No such branch: master
2025-08-26 10:51:20.346 [error] [GitHistoryProvider][resolveHEADMergeBase] Failed to resolve merge base for master: Error: No such branch: master.
2025-08-26 10:51:20.347 [info] > git for-each-ref --format=%(refname)%00%(upstream:short)%00%(objectname)%00%(upstream:track)%00%(upstream:remotename)%00%(upstream:remoteref) refs/heads/master refs/remotes/master [51ms]
2025-08-26 10:51:20.347 [warning] [Git][getBranch] No such branch: master
2025-08-26 10:51:20.348 [error] [GitHistoryProvider][resolveHEADMergeBase] Failed to resolve merge base for master: Error: No such branch: master.
2025-08-26 10:51:20.351 [info] > git config --get commit.template [12ms]
2025-08-26 10:51:20.365 [info] [Git][getRemotes] No remotes found in the git config file
2025-08-26 10:51:20.367 [info] > git for-each-ref --format=%(refname)%00%(upstream:short)%00%(objectname)%00%(upstream:track)%00%(upstream:remotename)%00%(upstream:remoteref) refs/heads/master refs/remotes/master [2ms]
2025-08-26 10:51:20.367 [warning] [Git][getBranch] No such branch: master
2025-08-26 10:51:20.397 [info] > git status -z -uall [18ms]
2025-08-26 10:51:20.403 [info] > git for-each-ref --sort -committerdate --format %(refname)%00%(objectname)%00%(*objectname) [8ms]
2025-08-26 10:51:20.482 [info] > git log --format=%H%n%aN%n%aE%n%at%n%ct%n%P%n%D%n%B -z --shortstat --diff-merges=first-parent -n50 --skip=0 --topo-order --decorate=full --stdin [3ms]
2025-08-26 10:51:20.482 [info] fatal: bad revision 'refs/heads/master'
2025-08-26 10:51:20.483 [error] [GitHistoryProvider][provideHistoryItems] Failed to get history items with options '{"historyItemRefs":["refs/heads/master"],"limit":50,"skip":0}': Failed to execute git {
  "exitCode": 128,
  "gitCommand": "log",
  "stdout": "",
  "stderr": "fatal: bad revision 'refs/heads/master'\n"
}
2025-08-26 10:51:21.263 [info] > git check-ignore -v -z --stdin [3ms]
2025-08-26 10:51:24.370 [info] > git show --textconv :.git/COMMIT_EDITMSG [24ms]
2025-08-26 10:51:24.392 [info] > git hash-object -t tree /dev/null [4ms]
2025-08-26 10:51:24.393 [warning] [GitFileSystemProvider][readFile] File not found - git:/home/winter/Games/.git/COMMIT_EDITMSG.git?%7B%22path%22%3A%22%2Fhome%2Fwinter%2FGames%2F.git%2FCOMMIT_EDITMSG%22%2C%22ref%22%3A%22%22%7D
2025-08-26 10:51:24.397 [info] > git ls-files --stage -- .git/COMMIT_EDITMSG [29ms]
2025-08-26 10:51:24.398 [warning] [GitFileSystemProvider][stat] File not found - git:/home/winter/Games/.git/COMMIT_EDITMSG.git?%7B%22path%22%3A%22%2Fhome%2Fwinter%2FGames%2F.git%2FCOMMIT_EDITMSG%22%2C%22ref%22%3A%22%22%7D
2025-08-26 10:51:24.591 [info] > git check-ignore -v -z --stdin [4ms]
2025-08-26 10:51:33.092 [info] > git -c user.useConfigOnly=true commit --quiet [9512ms]
2025-08-26 10:51:33.092 [info] Aborting commit due to empty commit message.
2025-08-26 10:51:33.138 [info] [Git][getRemotes] No remotes found in the git config file
2025-08-26 10:51:33.139 [info] > git config --get commit.template [25ms]
2025-08-26 10:51:33.142 [info] > git for-each-ref --format=%(refname)%00%(upstream:short)%00%(objectname)%00%(upstream:track)%00%(upstream:remotename)%00%(upstream:remoteref) refs/heads/master refs/remotes/master [5ms]
2025-08-26 10:51:33.142 [warning] [Git][getBranch] No such branch: master
2025-08-26 10:51:33.180 [info] > git status -z -uall [18ms]
2025-08-26 10:51:33.182 [info] > git for-each-ref --sort -committerdate --format %(refname)%00%(objectname)%00%(*objectname) [3ms]
2025-08-26 10:51:39.644 [info] > git show --textconv :.git/COMMIT_EDITMSG [21ms]
2025-08-26 10:51:39.645 [warning] [GitFileSystemProvider][readFile] File not found - git:/home/winter/Games/.git/COMMIT_EDITMSG.git?%7B%22path%22%3A%22%2Fhome%2Fwinter%2FGames%2F.git%2FCOMMIT_EDITMSG%22%2C%22ref%22%3A%22%22%7D
2025-08-26 10:51:39.647 [info] > git ls-files --stage -- .git/COMMIT_EDITMSG [4ms]
2025-08-26 10:51:39.648 [warning] [GitFileSystemProvider][stat] File not found - git:/home/winter/Games/.git/COMMIT_EDITMSG.git?%7B%22path%22%3A%22%2Fhome%2Fwinter%2FGames%2F.git%2FCOMMIT_EDITMSG%22%2C%22ref%22%3A%22%22%7D
2025-08-26 10:52:02.690 [info] > git -c user.useConfigOnly=true commit --quiet [23660ms]
2025-08-26 10:52:02.690 [info] Aborting commit due to empty commit message.
2025-08-26 10:52:02.730 [info] [Git][getRemotes] No remotes found in the git config file
2025-08-26 10:52:02.731 [info] > git config --get commit.template [20ms]
2025-08-26 10:52:02.733 [info] > git for-each-ref --format=%(refname)%00%(upstream:short)%00%(objectname)%00%(upstream:track)%00%(upstream:remotename)%00%(upstream:remoteref) refs/heads/master refs/remotes/master [4ms]
2025-08-26 10:52:02.733 [warning] [Git][getBranch] No such branch: master
2025-08-26 10:52:02.778 [info] > git status -z -uall [25ms]
2025-08-26 10:52:02.778 [info] > git for-each-ref --sort -committerdate --format %(refname)%00%(objectname)%00%(*objectname) [6ms]
2025-08-26 10:52:06.352 [info] > git show --textconv :.git/COMMIT_EDITMSG [19ms]
2025-08-26 10:52:06.353 [warning] [GitFileSystemProvider][readFile] File not found - git:/home/winter/Games/.git/COMMIT_EDITMSG.git?%7B%22path%22%3A%22%2Fhome%2Fwinter%2FGames%2F.git%2FCOMMIT_EDITMSG%22%2C%22ref%22%3A%22%22%7D
2025-08-26 10:52:06.354 [info] > git ls-files --stage -- .git/COMMIT_EDITMSG [3ms]
2025-08-26 10:52:06.355 [warning] [GitFileSystemProvider][stat] File not found - git:/home/winter/Games/.git/COMMIT_EDITMSG.git?%7B%22path%22%3A%22%2Fhome%2Fwinter%2FGames%2F.git%2FCOMMIT_EDITMSG%22%2C%22ref%22%3A%22%22%7D
2025-08-26 10:52:51.762 [info] > git -c user.useConfigOnly=true commit --quiet [45966ms]
2025-08-26 10:52:51.794 [info] [Git][getRemotes] No remotes found in the git config file
2025-08-26 10:52:51.794 [info] > git config --get commit.template [16ms]
2025-08-26 10:52:51.797 [info] > git for-each-ref --format=%(refname)%00%(upstream:short)%00%(objectname)%00%(upstream:track)%00%(upstream:remotename)%00%(upstream:remoteref) refs/heads/master refs/remotes/master [4ms]
2025-08-26 10:52:51.842 [info] > git status -z -uall [27ms]
2025-08-26 10:52:51.847 [info] > git for-each-ref --sort -committerdate --format %(refname)%00%(objectname)%00%(*objectname) [8ms]
2025-08-26 10:52:51.943 [info] > git log --format=%H%n%aN%n%aE%n%at%n%ct%n%P%n%D%n%B -z --shortstat --diff-merges=first-parent -n50 --skip=0 --topo-order --decorate=full --stdin [15ms]
2025-08-26 10:52:51.969 [info] > git config --get commit.template [3ms]
2025-08-26 10:52:51.982 [info] [Git][getRemotes] No remotes found in the git config file
2025-08-26 10:52:51.988 [info] > git for-each-ref --format=%(refname)%00%(upstream:short)%00%(objectname)%00%(upstream:track)%00%(upstream:remotename)%00%(upstream:remoteref) refs/heads/master refs/remotes/master [6ms]
2025-08-26 10:52:52.019 [info] > git status -z -uall [16ms]
2025-08-26 10:52:52.022 [info] > git for-each-ref --sort -committerdate --format %(refname)%00%(objectname)%00%(*objectname) [4ms]
2025-08-26 10:53:00.993 [info] > git remote add origin https://github.com/Thewinterpilot/Games.git [10ms]
2025-08-26 10:53:01.035 [info] > git config --get commit.template [21ms]
2025-08-26 10:53:01.038 [info] > git for-each-ref --format=%(refname)%00%(upstream:short)%00%(objectname)%00%(upstream:track)%00%(upstream:remotename)%00%(upstream:remoteref) refs/heads/master refs/remotes/master [4ms]
2025-08-26 10:53:01.083 [info] > git status -z -uall [24ms]
2025-08-26 10:53:01.085 [info] > git for-each-ref --sort -committerdate --format %(refname)%00%(objectname)%00%(*objectname) [4ms]
2025-08-26 10:53:03.671 [info] > git push -u origin master [2559ms]
2025-08-26 10:53:03.672 [info] To https://github.com/Thewinterpilot/Games.git
 * [new branch]      master -> master
2025-08-26 10:53:03.707 [info] > git config --get commit.template [18ms]
2025-08-26 10:53:03.710 [info] > git for-each-ref --format=%(refname)%00%(upstream:short)%00%(objectname)%00%(upstream:track)%00%(upstream:remotename)%00%(upstream:remoteref) refs/heads/master refs/remotes/master [4ms]
2025-08-26 10:53:03.745 [info] > git status -z -uall [19ms]
2025-08-26 10:53:03.749 [info] > git for-each-ref --sort -committerdate --format %(refname)%00%(objectname)%00%(*objectname) [5ms]
2025-08-26 10:53:03.785 [info] > git merge-base refs/heads/master refs/remotes/origin/master [4ms]
2025-08-26 10:53:03.821 [info] > git diff --name-status -z --diff-filter=ADMR 382eabac9d3a6b1e2e044b1d85f432146e214e9c...refs/remotes/origin/master [18ms]
2025-08-26 10:53:03.844 [info] > git log --format=%H%n%aN%n%aE%n%at%n%ct%n%P%n%D%n%B -z --shortstat --diff-merges=first-parent -n50 --skip=0 --topo-order --decorate=full --stdin [23ms]
