2025-08-29 14:06:09.637 [info] [main] Log level: Info
2025-08-29 14:06:09.637 [info] [main] Validating found git in: "git"
2025-08-29 14:06:09.637 [info] [main] Using git "2.50.1" from "git"
2025-08-29 14:06:09.637 [info] [Model][doInitialScan] Initial repository scan started
2025-08-29 14:06:09.637 [info] > git rev-parse --show-toplevel [5ms]
2025-08-29 14:06:09.637 [info] > git rev-parse --git-dir --git-common-dir [7ms]
2025-08-29 14:06:09.637 [info] [Model][openRepository] Opened repository (path): /home/winter/Configs
2025-08-29 14:06:09.637 [info] [Model][openRepository] Opened repository (real path): /home/winter/Configs
2025-08-29 14:06:09.637 [info] > git fetch [221ms]
2025-08-29 14:06:09.637 [info] > git rev-parse --show-toplevel [222ms]
2025-08-29 14:06:09.637 [info] > git config --get commit.template [234ms]
2025-08-29 14:06:09.650 [info] > git config --get commit.template [34ms]
2025-08-29 14:06:09.665 [info] [Git][getRemotes] No remotes found in the git config file
2025-08-29 14:06:09.666 [info] > git rev-parse --show-toplevel [17ms]
2025-08-29 14:06:09.667 [info] [Model][doInitialScan] Initial repository scan completed - repositories (1), closed repositories (0), parent repositories (0), unsafe repositories (0)
2025-08-29 14:06:09.706 [info] [Git][getRemotes] No remotes found in the git config file
2025-08-29 14:06:09.707 [info] > git show --textconv :rmbulk.bash [28ms]
2025-08-29 14:06:09.720 [info] > git for-each-ref --format=%(refname)%00%(upstream:short)%00%(objectname)%00%(upstream:track)%00%(upstream:remotename)%00%(upstream:remoteref) refs/heads/master refs/remotes/master [56ms]
2025-08-29 14:06:09.720 [warning] [Git][getBranch] No such branch: master
2025-08-29 14:06:09.769 [info] > git for-each-ref --format=%(refname)%00%(upstream:short)%00%(objectname)%00%(upstream:track)%00%(upstream:remotename)%00%(upstream:remoteref) refs/heads/master refs/remotes/master [32ms]
2025-08-29 14:06:09.769 [warning] [Git][getBranch] No such branch: master
2025-08-29 14:06:09.770 [error] [GitHistoryProvider][resolveHEADMergeBase] Failed to resolve merge base for master: Error: No such branch: master.
2025-08-29 14:06:09.771 [info] > git hash-object -t tree /dev/null [52ms]
2025-08-29 14:06:09.771 [warning] [GitFileSystemProvider][readFile] File not found - git:/home/winter/Configs/rmbulk.bash.git?%7B%22path%22%3A%22%2Fhome%2Fwinter%2FConfigs%2Frmbulk.bash%22%2C%22ref%22%3A%22%22%7D
2025-08-29 14:06:09.773 [info] > git for-each-ref --format=%(refname)%00%(upstream:short)%00%(objectname)%00%(upstream:track)%00%(upstream:remotename)%00%(upstream:remoteref) refs/heads/master refs/remotes/master [68ms]
2025-08-29 14:06:09.773 [warning] [Git][getBranch] No such branch: master
2025-08-29 14:06:09.775 [info] > git ls-files --stage -- rmbulk.bash [83ms]
2025-08-29 14:06:09.775 [warning] [GitFileSystemProvider][stat] File not found - git:/home/winter/Configs/rmbulk.bash.git?%7B%22path%22%3A%22%2Fhome%2Fwinter%2FConfigs%2Frmbulk.bash%22%2C%22ref%22%3A%22%22%7D
2025-08-29 14:06:09.800 [info] > git config --get commit.template [32ms]
2025-08-29 14:06:09.819 [info] [Git][getRemotes] No remotes found in the git config file
2025-08-29 14:06:09.822 [info] > git for-each-ref --format=%(refname)%00%(upstream:short)%00%(objectname)%00%(upstream:track)%00%(upstream:remotename)%00%(upstream:remoteref) refs/heads/master refs/remotes/master [3ms]
2025-08-29 14:06:09.822 [warning] [Git][getBranch] No such branch: master
2025-08-29 14:06:09.869 [info] > git for-each-ref --sort -committerdate --format %(refname)%00%(objectname)%00%(*objectname) [7ms]
2025-08-29 14:06:10.243 [info] > git status -z -uall [406ms] (cancelled)
2025-08-29 14:06:11.821 [info] > git check-ignore -v -z --stdin [1562ms]
2025-08-29 14:06:34.307 [info] > git log --format=%H%n%aN%n%aE%n%at%n%ct%n%P%n%D%n%B -z --shortstat --diff-merges=first-parent -n50 --skip=0 --topo-order --decorate=full --stdin [2ms]
2025-08-29 14:06:34.307 [info] fatal: bad revision 'refs/heads/master'
2025-08-29 14:06:34.308 [error] [GitHistoryProvider][provideHistoryItems] Failed to get history items with options '{"historyItemRefs":["refs/heads/master"],"limit":50,"skip":0}': Failed to execute git {
  "exitCode": 128,
  "gitCommand": "log",
  "stdout": "",
  "stderr": "fatal: bad revision 'refs/heads/master'\n"
}
2025-08-29 14:06:35.864 [info] > git check-ignore -v -z --stdin [45ms]
2025-08-29 14:06:39.989 [info] > git check-ignore -v -z --stdin [110ms]
2025-08-29 14:07:00.294 [info] > git show --textconv :.config/arkrc [2851ms]
2025-08-29 14:07:00.294 [info] > git show --textconv :.config/assets [2838ms]
2025-08-29 14:07:00.294 [info] > git show --textconv :.config/baloofileinformationrc [2827ms]
2025-08-29 14:07:00.294 [info] > git show --textconv :.config/dolphinrc [2812ms]
2025-08-29 14:07:00.294 [info] > git show --textconv :.config/filetypesrc [2799ms]
2025-08-29 14:07:00.294 [info] > git show --textconv :.config/hyfetch.json [2786ms]
2025-08-29 14:07:00.295 [info] > git show --textconv :.config/kdeglobals [2773ms]
2025-08-29 14:07:00.295 [info] > git show --textconv :.config/kdenlive-layoutsrc [2758ms]
2025-08-29 14:07:00.295 [info] > git show --textconv :.config/kdenliverc [2746ms]
2025-08-29 14:07:00.295 [info] > git show --textconv :.config/kiorc [2732ms]
2025-08-29 14:07:00.295 [info] > git show --textconv :.config/kwalletrc [2718ms]
2025-08-29 14:07:00.295 [info] > git show --textconv :.config/mimeapps.list [2703ms]
2025-08-29 14:07:00.295 [info] > git show --textconv :.config/QtProject.conf [2690ms]
2025-08-29 14:07:00.295 [info] > git show --textconv :.config/trashrc [2676ms]
2025-08-29 14:07:00.295 [info] > git show --textconv :.config/user-dirs.dirs [2662ms]
2025-08-29 14:07:00.295 [info] > git show --textconv :.config/user-dirs.locale [2648ms]
2025-08-29 14:07:00.295 [info] > git show --textconv :.config/Code/Cookies [2635ms]
2025-08-29 14:07:00.295 [info] > git show --textconv :.config/Code/Cookies-journal [2619ms]
2025-08-29 14:07:00.295 [info] > git show --textconv :.config/Code/DIPS [2605ms]
2025-08-29 14:07:00.295 [info] > git show --textconv :.config/Code/languagepacks.json [2590ms]
2025-08-29 14:07:00.295 [info] > git show --textconv :.config/Code/machineid [2578ms]
2025-08-29 14:07:00.295 [info] > git show --textconv :.config/Code/Network Persistent State [2560ms]
2025-08-29 14:07:00.295 [info] > git show --textconv :.config/Code/Preferences [2545ms]
2025-08-29 14:07:00.295 [info] > git show --textconv :.config/Code/SharedStorage [2529ms]
2025-08-29 14:07:00.295 [info] > git show --textconv :.config/Code/TransportSecurity [2514ms]
2025-08-29 14:07:00.295 [info] > git show --textconv :.config/Code/Trust Tokens [2500ms]
2025-08-29 14:07:00.295 [info] > git show --textconv :.config/Code/Trust Tokens-journal [2483ms]
2025-08-29 14:07:00.295 [info] > git show --textconv :.config/Code/Cache/Cache_Data/0a10480ae6acea21_0 [2469ms]
2025-08-29 14:07:00.295 [info] > git show --textconv :.config/Code/Cache/Cache_Data/0d5dd0e5939c2d75_0 [2453ms]
2025-08-29 14:07:00.295 [info] > git show --textconv :.config/Code/Cache/Cache_Data/01a998e5340b15b5_0 [2438ms]
2025-08-29 14:07:00.295 [info] > git show --textconv :.config/Code/Cache/Cache_Data/1b9319a8c8d92953_0 [2424ms]
2025-08-29 14:07:00.295 [info] > git show --textconv :.config/Code/Cache/Cache_Data/1bfcce15413f4305_0 [2409ms]
2025-08-29 14:07:00.295 [info] > git show --textconv :.config/Code/Cache/Cache_Data/1d2db4483e194155_0 [2393ms]
2025-08-29 14:07:00.295 [info] > git show --textconv :.config/Code/Cache/Cache_Data/1d4e369d6be55da2_0 [2377ms]
2025-08-29 14:07:00.295 [info] > git show --textconv :.config/Code/Cache/Cache_Data/1fa4441cf1770105_0 [2363ms]
2025-08-29 14:07:00.295 [info] > git show --textconv :.config/Code/Cache/Cache_Data/2ab912b544a7e912_0 [2346ms]
2025-08-29 14:07:00.295 [info] > git show --textconv :.config/Code/Cache/Cache_Data/2c89de49f3fd337d_0 [2329ms]
2025-08-29 14:07:00.295 [info] > git show --textconv :.config/Code/Cache/Cache_Data/2ca7ce6d53d39180_0 [2314ms]
2025-08-29 14:07:00.295 [info] > git show --textconv :.config/Code/Cache/Cache_Data/2ffd8b8ada00a3c1_0 [2297ms]
2025-08-29 14:07:00.296 [info] > git show --textconv :.config/Code/Cache/Cache_Data/3ab9619a709ed71e_0 [2283ms]
2025-08-29 14:07:00.296 [info] > git show --textconv :.config/Code/Cache/Cache_Data/3b1d932445fa9da3_0 [2267ms]
2025-08-29 14:07:00.296 [info] > git show --textconv :.config/Code/Cache/Cache_Data/3bd2cf1848c65231_0 [2252ms]
2025-08-29 14:07:00.296 [info] > git show --textconv :.config/Code/Cache/Cache_Data/03c83842162ae556_0 [2236ms]
2025-08-29 14:07:00.296 [info] > git show --textconv :.config/Code/Cache/Cache_Data/3e6e5d960c700ea2_0 [2218ms]
2025-08-29 14:07:00.296 [info] > git show --textconv :.config/Code/Cache/Cache_Data/4c05157e50aac991_0 [2202ms]
2025-08-29 14:07:00.296 [info] > git show --textconv :.config/Code/Cache/Cache_Data/4cb4a3c039b364ba_0 [2186ms]
2025-08-29 14:07:00.296 [info] > git show --textconv :.config/Code/Cache/Cache_Data/4d2e54fd12032837_0 [2168ms]
2025-08-29 14:07:00.296 [info] > git show --textconv :.config/Code/Cache/Cache_Data/04d9d288b6ecba9c_0 [2152ms]
2025-08-29 14:07:00.296 [info] > git show --textconv :.config/Code/Cache/Cache_Data/4daab115733f8ae3_0 [2135ms]
2025-08-29 14:07:00.296 [info] > git show --textconv :.config/Code/Cache/Cache_Data/4f1e2bbeca02fe44_0 [2118ms]
2025-08-29 14:07:00.296 [info] > git show --textconv :.config/Code/Cache/Cache_Data/4f359f4b69cd62a2_0 [2099ms]
2025-08-29 14:07:00.296 [info] > git show --textconv :.config/Code/Cache/Cache_Data/5b50b016963dc1a5_0 [2080ms]
2025-08-29 14:07:00.296 [info] > git show --textconv :.config/Code/Cache/Cache_Data/5b424fadb606e426_0 [2015ms]
2025-08-29 14:07:00.296 [info] > git show --textconv :.config/Code/Cache/Cache_Data/5ecf0a5ed32f16a2_0 [1987ms]
2025-08-29 14:07:00.296 [info] > git show --textconv :.config/Code/Cache/Cache_Data/5ed3126f3ebab42d_0 [1943ms]
2025-08-29 14:07:00.296 [info] > git show --textconv :.config/Code/Cache/Cache_Data/5ee3fda5737f7915_0 [1904ms]
2025-08-29 14:07:00.296 [info] > git show --textconv :.config/Code/Cache/Cache_Data/6a5ad412f386219c_0 [1878ms]
2025-08-29 14:07:00.296 [info] > git show --textconv :.config/Code/Cache/Cache_Data/6d99a28e2c1e9ccf_0 [1853ms]
2025-08-29 14:07:00.296 [info] > git show --textconv :.config/Code/Cache/Cache_Data/6d613a534e088fa4_0 [1837ms]
2025-08-29 14:07:00.296 [info] > git show --textconv :.config/Code/Cache/Cache_Data/6db9db09c6f82814_0 [1811ms]
2025-08-29 14:07:00.296 [info] > git show --textconv :.config/Code/Cache/Cache_Data/07d31431a76ce07c_0 [1784ms]
2025-08-29 14:07:00.296 [info] > git show --textconv :.config/Code/Cache/Cache_Data/7e76542567ee462c_0 [1766ms]
2025-08-29 14:07:00.296 [info] > git show --textconv :.config/Code/Cache/Cache_Data/8a19fe7b5dce903c_0 [1747ms]
2025-08-29 14:07:00.296 [info] > git show --textconv :.config/Code/Cache/Cache_Data/8baf5cddd93dea9c_0 [1726ms]
2025-08-29 14:07:00.296 [info] > git show --textconv :.config/Code/Cache/Cache_Data/8e8579cc641c7a33_0 [1707ms]
2025-08-29 14:07:00.296 [info] > git show --textconv :.config/Code/Cache/Cache_Data/8f751e2937b4ed95_0 [1686ms]
2025-08-29 14:07:00.296 [info] > git show --textconv :.config/Code/Cache/Cache_Data/9a7ec471b2cc3451_0 [1665ms]
2025-08-29 14:07:00.296 [info] > git show --textconv :.config/Code/Cache/Cache_Data/9b188a365ffa7655_0 [1646ms]
2025-08-29 14:07:00.296 [info] > git show --textconv :.config/Code/Cache/Cache_Data/9cccacbdfb20ec12_0 [1625ms]
2025-08-29 14:07:00.296 [info] > git show --textconv :.config/Code/Cache/Cache_Data/9e32ff2ffe74fafb_0 [1605ms]
2025-08-29 14:07:00.296 [info] > git show --textconv :.config/Code/Cache/Cache_Data/9f9a1e2ac3997f26_0 [1586ms]
2025-08-29 14:07:00.296 [info] > git show --textconv :.config/Code/Cache/Cache_Data/9f50bddbd978eddd_0 [1565ms]
2025-08-29 14:07:00.296 [info] > git show --textconv :.config/Code/Cache/Cache_Data/13ce600f03477efa_0 [1544ms]
2025-08-29 14:07:00.296 [info] > git show --textconv :.config/Code/Cache/Cache_Data/17d3dc2f2718f05d_0 [1522ms]
2025-08-29 14:07:00.296 [info] > git show --textconv :.config/Code/Cache/Cache_Data/22af3b14c8362e5a_0 [1500ms]
2025-08-29 14:07:00.296 [info] > git show --textconv :.config/Code/Cache/Cache_Data/23fc248f9bc0d85b_0 [1481ms]
2025-08-29 14:07:00.297 [info] > git show --textconv :.config/Code/Cache/Cache_Data/27c7973dc6022880_0 [1460ms]
2025-08-29 14:07:00.297 [info] > git show --textconv :.config/Code/Cache/Cache_Data/27caa2d049e46308_0 [1439ms]
2025-08-29 14:07:00.297 [info] > git show --textconv :.config/Code/Cache/Cache_Data/28b774342219197e_0 [1418ms]
2025-08-29 14:07:00.297 [info] > git show --textconv :.config/Code/Cache/Cache_Data/30bfb77195186b23_0 [1398ms]
2025-08-29 14:07:00.297 [info] > git show --textconv :.config/Code/Cache/Cache_Data/31d25d3391b91ec3_0 [1379ms]
2025-08-29 14:07:00.297 [info] > git show --textconv :.config/Code/Cache/Cache_Data/036d85305fc24a81_0 [1360ms]
2025-08-29 14:07:00.297 [info] > git show --textconv :.config/Code/Cache/Cache_Data/39d80c057da1df5f_0 [1339ms]
2025-08-29 14:07:00.297 [info] > git show --textconv :.config/Code/Cache/Cache_Data/40c1c09a6637ef8b_0 [1319ms]
2025-08-29 14:07:00.297 [info] > git show --textconv :.config/Code/Cache/Cache_Data/45be081b7557b6f2_0 [1281ms]
2025-08-29 14:07:00.297 [info] > git show --textconv :.config/Code/Cache/Cache_Data/054c13c1e85f7320_0 [1261ms]
2025-08-29 14:07:00.297 [info] > git show --textconv :.config/Code/Cache/Cache_Data/54f56a8cfad2256d_0 [1238ms]
2025-08-29 14:07:00.297 [info] > git show --textconv :.config/Code/Cache/Cache_Data/058a3a9862434d15_0 [1217ms]
2025-08-29 14:07:00.297 [info] > git show --textconv :.config/Code/Cache/Cache_Data/59e56bcb35fa9d10_0 [1198ms]
2025-08-29 14:07:00.297 [info] > git show --textconv :.config/Code/Cache/Cache_Data/64dd1117c19e0e05_0 [1177ms]
2025-08-29 14:07:00.297 [info] > git show --textconv :.config/Code/Cache/Cache_Data/070cf96ff425e295_0 [1157ms]
2025-08-29 14:07:00.297 [info] > git show --textconv :.config/Code/Cache/Cache_Data/76b7791a3a33edee_0 [1135ms]
2025-08-29 14:07:00.297 [info] > git show --textconv :.config/Code/Cache/Cache_Data/77a0cb903ae1ba35_0 [1114ms]
2025-08-29 14:07:00.297 [info] > git show --textconv :.config/Code/Cache/Cache_Data/78fe443efb4f28a9_0 [1094ms]
2025-08-29 14:07:00.297 [info] > git show --textconv :.config/Code/Cache/Cache_Data/83bab8ca0c95e44d_0 [1073ms]
2025-08-29 14:07:00.297 [info] > git show --textconv :.config/Code/Cache/Cache_Data/89b8919dc89b42b3_0 [1052ms]
2025-08-29 14:07:00.297 [info] > git show --textconv :.config/Code/Cache/Cache_Data/89bf7ed3fc3fc6f6_0 [1031ms]
2025-08-29 14:07:00.297 [info] > git show --textconv :.config/Code/Cache/Cache_Data/89d749c77fed4b97_0 [1012ms]
2025-08-29 14:07:00.297 [info] > git show --textconv :.config/Code/Cache/Cache_Data/93d44d07f6366c95_0 [991ms]
2025-08-29 14:07:00.297 [info] > git show --textconv :.config/Code/Cache/Cache_Data/96c5e2c72697d7c3_0 [972ms]
2025-08-29 14:07:00.297 [info] > git show --textconv :.config/Code/Cache/Cache_Data/98f17de76ba88983_0 [934ms]
2025-08-29 14:07:00.297 [info] > git show --textconv :.config/Code/Cache/Cache_Data/103a3fa5075b06f4_0 [912ms]
2025-08-29 14:07:00.297 [info] > git show --textconv :.config/Code/Cache/Cache_Data/107db7a5bdd9c18a_0 [891ms]
2025-08-29 14:07:00.297 [info] > git show --textconv :.config/Code/Cache/Cache_Data/244a48043528461c_0 [868ms]
2025-08-29 14:07:00.297 [info] > git show --textconv :.config/Code/Cache/Cache_Data/0258b70e400f1440_0 [846ms]
2025-08-29 14:07:00.297 [info] > git show --textconv :.config/Code/Cache/Cache_Data/258d3fa019e430cc_0 [826ms]
2025-08-29 14:07:00.297 [info] > git show --textconv :.config/Code/Cache/Cache_Data/268d32bb1b721686_0 [804ms]
2025-08-29 14:07:00.297 [info] > git show --textconv :.config/Code/Cache/Cache_Data/326a50efda4dad7d_0 [780ms]
2025-08-29 14:07:00.297 [info] > git show --textconv :.config/Code/Cache/Cache_Data/396b0d67100f3386_0 [761ms]
2025-08-29 14:07:00.297 [info] > git show --textconv :.config/Code/Cache/Cache_Data/449f54711fad088a_0 [739ms]
2025-08-29 14:07:00.298 [info] > git show --textconv :.config/Code/Cache/Cache_Data/454bbd42e34f62c9_0 [720ms]
2025-08-29 14:07:00.298 [info] > git show --textconv :.config/Code/Cache/Cache_Data/0455e72cf37cc01c_0 [698ms]
2025-08-29 14:07:00.298 [info] > git show --textconv :.config/Code/Cache/Cache_Data/576dbb7bee329be6_0 [677ms]
2025-08-29 14:07:00.298 [info] > git show --textconv :.config/Code/Cache/Cache_Data/591b091226c8310c_0 [656ms]
2025-08-29 14:07:00.298 [info] > git show --textconv :.config/Code/Cache/Cache_Data/608ef22edca6dfea_0 [636ms]
2025-08-29 14:07:00.298 [info] > git show --textconv :.config/Code/Cache/Cache_Data/614cd2d58098e77b_0 [615ms]
2025-08-29 14:07:00.298 [info] > git show --textconv :.config/Code/Cache/Cache_Data/701cf5cc55a7d05e_0 [595ms]
2025-08-29 14:07:00.298 [info] > git show --textconv :.config/Code/Cache/Cache_Data/742e07660159a112_0 [573ms]
2025-08-29 14:07:00.298 [info] > git show --textconv :.config/Code/Cache/Cache_Data/755e025f7371a7a1_0 [549ms]
2025-08-29 14:07:00.298 [info] > git show --textconv :.config/Code/Cache/Cache_Data/790cf15956dd94ae_0 [529ms]
2025-08-29 14:07:00.298 [info] > git show --textconv :.config/Code/Cache/Cache_Data/954d194b9d08f013_0 [510ms]
2025-08-29 14:07:00.298 [info] > git show --textconv :.config/Code/Cache/Cache_Data/978d03f7064b2f5d_0 [486ms]
2025-08-29 14:07:00.298 [info] > git show --textconv :.config/Code/Cache/Cache_Data/1991a8996ce7f071_0 [467ms]
2025-08-29 14:07:00.298 [info] > git show --textconv :.config/Code/Cache/Cache_Data/02234ee5cfaf825e_0 [447ms]
2025-08-29 14:07:00.298 [info] > git show --textconv :.config/Code/Cache/Cache_Data/4783bdda924eb578_0 [400ms]
2025-08-29 14:07:00.298 [info] > git show --textconv :.config/Code/Cache/Cache_Data/5283edf90cf4ab50_0 [381ms]
2025-08-29 14:07:00.298 [info] > git show --textconv :.config/Code/Cache/Cache_Data/5565f244c89c7d9c_0 [360ms]
2025-08-29 14:07:00.298 [info] > git show --textconv :.config/Code/Cache/Cache_Data/7157e9e827d84074_0 [338ms]
2025-08-29 14:07:00.298 [info] > git show --textconv :.config/Code/Cache/Cache_Data/7788aff3d99588d2_0 [317ms]
2025-08-29 14:07:00.298 [info] > git show --textconv :.config/Code/Cache/Cache_Data/8896d6cf32cce6e9_0 [297ms]
2025-08-29 14:07:00.298 [info] > git show --textconv :.config/Code/Cache/Cache_Data/9033b1bf9944d605_0 [277ms]
2025-08-29 14:07:00.298 [info] > git show --textconv :.config/Code/Cache/Cache_Data/9439fd43b1ec4819_0 [255ms]
2025-08-29 14:07:00.298 [info] > git show --textconv :.config/Code/Cache/Cache_Data/9848d109e1b039e1_0 [234ms]
2025-08-29 14:07:00.298 [info] > git show --textconv :.config/Code/Cache/Cache_Data/18195a9e40f218b9_0 [214ms]
2025-08-29 14:07:00.298 [info] > git show --textconv :.config/Code/Cache/Cache_Data/028810e9b1e27920_0 [193ms]
2025-08-29 14:07:00.298 [info] > git show --textconv :.config/Code/Cache/Cache_Data/56208af3baeea7cc_0 [172ms]
2025-08-29 14:07:00.298 [info] > git show --textconv :.config/Code/Cache/Cache_Data/83010e5d3723b35c_0 [151ms]
2025-08-29 14:07:00.298 [info] > git show --textconv :.config/Code/Cache/Cache_Data/94244d8632f09d06_0 [129ms]
2025-08-29 14:07:00.298 [info] > git show --textconv :.config/Code/Cache/Cache_Data/233222c298d69c68_0 [108ms]
2025-08-29 14:07:00.298 [info] > git show --textconv :.config/Code/Cache/Cache_Data/0889162b7c4214db_0 [59ms]
2025-08-29 14:07:00.298 [info] > git show --textconv :.config/Code/Cache/Cache_Data/835896b9ac0ad7c7_0 [86ms]
