2025-08-22 14:07:57.058 [info] [main] Log level: Info
2025-08-22 14:07:57.058 [info] [main] Validating found git in: "git"
2025-08-22 14:07:57.058 [info] [main] Using git "2.50.1" from "git"
2025-08-22 14:07:57.058 [info] [Model][doInitialScan] Initial repository scan started
2025-08-22 14:07:57.058 [info] > git rev-parse --show-toplevel [16ms]
2025-08-22 14:07:57.058 [info] fatal: not a git repository (or any of the parent directories): .git
2025-08-22 14:07:57.058 [info] > git rev-parse --show-toplevel [6ms]
2025-08-22 14:07:57.058 [info] fatal: not a git repository (or any of the parent directories): .git
2025-08-22 14:07:57.058 [info] > git rev-parse --show-toplevel [7ms]
2025-08-22 14:07:57.058 [info] fatal: not a git repository (or any of the parent directories): .git
2025-08-22 14:07:57.356 [info] > git rev-parse --show-toplevel [4ms]
2025-08-22 14:07:57.356 [info] fatal: not a git repository (or any of the parent directories): .git
2025-08-22 14:07:57.380 [info] > git rev-parse --show-toplevel [3ms]
2025-08-22 14:07:57.380 [info] fatal: not a git repository (or any of the parent directories): .git
2025-08-22 14:07:57.401 [info] > git rev-parse --show-toplevel [6ms]
2025-08-22 14:07:57.401 [info] fatal: not a git repository (or any of the parent directories): .git
2025-08-22 14:07:57.420 [info] > git rev-parse --show-toplevel [4ms]
2025-08-22 14:07:57.420 [info] fatal: not a git repository (or any of the parent directories): .git
2025-08-22 14:07:57.438 [info] > git rev-parse --show-toplevel [3ms]
2025-08-22 14:07:57.438 [info] fatal: not a git repository (or any of the parent directories): .git
2025-08-22 14:07:57.459 [info] > git rev-parse --show-toplevel [7ms]
2025-08-22 14:07:57.459 [info] fatal: not a git repository (or any of the parent directories): .git
2025-08-22 14:07:57.481 [info] > git rev-parse --show-toplevel [3ms]
2025-08-22 14:07:57.482 [info] fatal: not a git repository (or any of the parent directories): .git
2025-08-22 14:07:57.504 [info] > git rev-parse --show-toplevel [4ms]
2025-08-22 14:07:57.504 [info] fatal: not a git repository (or any of the parent directories): .git
2025-08-22 14:07:57.898 [info] > git rev-parse --show-toplevel [376ms]
2025-08-22 14:07:57.898 [info] fatal: not a git repository (or any of the parent directories): .git
2025-08-22 14:07:57.967 [info] > git rev-parse --show-toplevel [16ms]
2025-08-22 14:07:57.968 [info] fatal: not a git repository (or any of the parent directories): .git
2025-08-22 14:07:58.009 [info] > git rev-parse --show-toplevel [21ms]
2025-08-22 14:07:58.009 [info] fatal: not a git repository (or any of the parent directories): .git
2025-08-22 14:07:58.072 [info] > git rev-parse --show-toplevel [8ms]
2025-08-22 14:07:58.072 [info] fatal: not a git repository (or any of the parent directories): .git
2025-08-22 14:07:58.125 [info] > git rev-parse --show-toplevel [10ms]
2025-08-22 14:07:58.125 [info] fatal: not a git repository (or any of the parent directories): .git
2025-08-22 14:07:58.156 [info] > git rev-parse --show-toplevel [3ms]
2025-08-22 14:07:58.156 [info] fatal: not a git repository (or any of the parent directories): .git
2025-08-22 14:07:58.181 [info] > git rev-parse --show-toplevel [5ms]
2025-08-22 14:07:58.181 [info] fatal: not a git repository (or any of the parent directories): .git
2025-08-22 14:07:58.213 [info] > git rev-parse --show-toplevel [4ms]
2025-08-22 14:07:58.213 [info] fatal: not a git repository (or any of the parent directories): .git
2025-08-22 14:07:58.234 [info] > git rev-parse --show-toplevel [3ms]
2025-08-22 14:07:58.234 [info] fatal: not a git repository (or any of the parent directories): .git
2025-08-22 14:07:58.254 [info] > git rev-parse --show-toplevel [3ms]
2025-08-22 14:07:58.254 [info] fatal: not a git repository (or any of the parent directories): .git
2025-08-22 14:07:58.273 [info] > git rev-parse --show-toplevel [2ms]
2025-08-22 14:07:58.273 [info] fatal: not a git repository (or any of the parent directories): .git
2025-08-22 14:07:58.296 [info] > git rev-parse --show-toplevel [5ms]
2025-08-22 14:07:58.296 [info] fatal: not a git repository (or any of the parent directories): .git
2025-08-22 14:07:58.843 [info] > git rev-parse --show-toplevel [528ms]
2025-08-22 14:07:58.843 [info] fatal: not a git repository (or any of the parent directories): .git
2025-08-22 14:07:58.967 [info] > git rev-parse --show-toplevel [46ms]
2025-08-22 14:07:58.967 [info] fatal: not a git repository (or any of the parent directories): .git
2025-08-22 14:07:59.078 [info] > git rev-parse --show-toplevel [88ms]
2025-08-22 14:07:59.078 [info] fatal: not a git repository (or any of the parent directories): .git
2025-08-22 14:07:59.108 [info] > git rev-parse --show-toplevel [5ms]
2025-08-22 14:07:59.108 [info] fatal: not a git repository (or any of the parent directories): .git
2025-08-22 14:07:59.231 [info] > git rev-parse --show-toplevel [106ms]
2025-08-22 14:07:59.231 [info] fatal: not a git repository (or any of the parent directories): .git
2025-08-22 14:07:59.290 [info] > git rev-parse --show-toplevel [24ms]
2025-08-22 14:07:59.290 [info] fatal: not a git repository (or any of the parent directories): .git
2025-08-22 14:07:59.328 [info] > git rev-parse --show-toplevel [22ms]
2025-08-22 14:07:59.329 [info] fatal: not a git repository (or any of the parent directories): .git
2025-08-22 14:07:59.354 [info] > git rev-parse --show-toplevel [5ms]
2025-08-22 14:07:59.354 [info] fatal: not a git repository (or any of the parent directories): .git
2025-08-22 14:07:59.380 [info] > git rev-parse --show-toplevel [6ms]
2025-08-22 14:07:59.380 [info] fatal: not a git repository (or any of the parent directories): .git
2025-08-22 14:07:59.416 [info] > git rev-parse --show-toplevel [14ms]
2025-08-22 14:07:59.416 [info] fatal: not a git repository (or any of the parent directories): .git
2025-08-22 14:07:59.439 [info] > git rev-parse --show-toplevel [6ms]
2025-08-22 14:07:59.439 [info] fatal: not a git repository (or any of the parent directories): .git
2025-08-22 14:07:59.536 [info] > git rev-parse --show-toplevel [37ms]
2025-08-22 14:07:59.536 [info] fatal: not a git repository (or any of the parent directories): .git
2025-08-22 14:07:59.565 [info] > git rev-parse --show-toplevel [6ms]
2025-08-22 14:07:59.565 [info] fatal: not a git repository (or any of the parent directories): .git
2025-08-22 14:07:59.596 [info] > git rev-parse --show-toplevel [12ms]
2025-08-22 14:07:59.596 [info] fatal: not a git repository (or any of the parent directories): .git
2025-08-22 14:07:59.618 [info] > git rev-parse --show-toplevel [3ms]
2025-08-22 14:07:59.618 [info] fatal: not a git repository (or any of the parent directories): .git
2025-08-22 14:07:59.639 [info] > git rev-parse --show-toplevel [4ms]
2025-08-22 14:07:59.640 [info] fatal: not a git repository (or any of the parent directories): .git
2025-08-22 14:07:59.659 [info] > git rev-parse --show-toplevel [3ms]
2025-08-22 14:07:59.659 [info] fatal: not a git repository (or any of the parent directories): .git
2025-08-22 14:07:59.677 [info] > git rev-parse --show-toplevel [2ms]
2025-08-22 14:07:59.677 [info] fatal: not a git repository (or any of the parent directories): .git
2025-08-22 14:07:59.696 [info] > git rev-parse --show-toplevel [3ms]
2025-08-22 14:07:59.696 [info] fatal: not a git repository (or any of the parent directories): .git
2025-08-22 14:07:59.715 [info] > git rev-parse --show-toplevel [4ms]
2025-08-22 14:07:59.715 [info] fatal: not a git repository (or any of the parent directories): .git
2025-08-22 14:07:59.737 [info] > git rev-parse --show-toplevel [4ms]
2025-08-22 14:07:59.737 [info] fatal: not a git repository (or any of the parent directories): .git
2025-08-22 14:07:59.761 [info] > git rev-parse --show-toplevel [6ms]
2025-08-22 14:07:59.761 [info] fatal: not a git repository (or any of the parent directories): .git
2025-08-22 14:07:59.782 [info] > git rev-parse --show-toplevel [3ms]
2025-08-22 14:07:59.782 [info] fatal: not a git repository (or any of the parent directories): .git
2025-08-22 14:07:59.805 [info] > git rev-parse --show-toplevel [3ms]
2025-08-22 14:07:59.805 [info] fatal: not a git repository (or any of the parent directories): .git
2025-08-22 14:07:59.825 [info] > git rev-parse --show-toplevel [2ms]
2025-08-22 14:07:59.826 [info] fatal: not a git repository (or any of the parent directories): .git
2025-08-22 14:07:59.845 [info] > git rev-parse --show-toplevel [3ms]
2025-08-22 14:07:59.845 [info] fatal: not a git repository (or any of the parent directories): .git
2025-08-22 14:07:59.864 [info] > git rev-parse --show-toplevel [2ms]
2025-08-22 14:07:59.864 [info] fatal: not a git repository (or any of the parent directories): .git
2025-08-22 14:07:59.886 [info] > git rev-parse --show-toplevel [5ms]
2025-08-22 14:07:59.886 [info] fatal: not a git repository (or any of the parent directories): .git
2025-08-22 14:07:59.887 [info] [Model][doInitialScan] Initial repository scan completed - repositories (0), closed repositories (0), parent repositories (0), unsafe repositories (0)
2025-08-22 14:07:59.911 [info] > git rev-parse --show-toplevel [5ms]
2025-08-22 14:07:59.911 [info] fatal: not a git repository (or any of the parent directories): .git
2025-08-22 14:07:59.933 [info] > git rev-parse --show-toplevel [3ms]
2025-08-22 14:07:59.933 [info] fatal: not a git repository (or any of the parent directories): .git
