2025-08-29 13:41:44.264 [info] [main] Log level: Info
2025-08-29 13:41:44.264 [info] [main] Validating found git in: "git"
2025-08-29 13:41:44.264 [info] [main] Using git "2.50.1" from "git"
2025-08-29 13:41:44.264 [info] [Model][doInitialScan] Initial repository scan started
2025-08-29 13:41:44.264 [info] > git rev-parse --show-toplevel [161ms]
2025-08-29 13:41:44.264 [info] [Model][doInitialScan] Initial repository scan completed - repositories (0), closed repositories (0), parent repositories (1), unsafe repositories (0)
2025-08-29 13:41:52.064 [info] > git rev-parse --show-toplevel [3ms]
2025-08-29 13:41:52.081 [info] > git rev-parse --git-dir --git-common-dir [3ms]
2025-08-29 13:41:52.116 [info] [Model][openRepository] Opened repository (path): /home/winter/Configs
2025-08-29 13:41:52.116 [info] [Model][openRepository] Opened repository (real path): /home/winter/Configs
2025-08-29 13:41:52.141 [info] > git config --get commit.template [7ms]
2025-08-29 13:41:52.141 [info] > git fetch [26ms]
2025-08-29 13:41:52.171 [info] [Git][getRemotes] No remotes found in the git config file
2025-08-29 13:41:52.172 [info] > git config --get commit.template [16ms]
2025-08-29 13:41:52.185 [info] [Git][getRemotes] No remotes found in the git config file
2025-08-29 13:41:52.187 [info] > git for-each-ref --format=%(refname)%00%(upstream:short)%00%(objectname)%00%(upstream:track)%00%(upstream:remotename)%00%(upstream:remoteref) refs/heads/master refs/remotes/master [16ms]
2025-08-29 13:41:52.187 [warning] [Git][getBranch] No such branch: master
2025-08-29 13:41:52.223 [info] > git for-each-ref --format=%(refname)%00%(upstream:short)%00%(objectname)%00%(upstream:track)%00%(upstream:remotename)%00%(upstream:remoteref) refs/heads/master refs/remotes/master [18ms]
2025-08-29 13:41:52.223 [warning] [Git][getBranch] No such branch: master
2025-08-29 13:41:52.224 [error] [GitHistoryProvider][resolveHEADMergeBase] Failed to resolve merge base for master: Error: No such branch: master.
2025-08-29 13:41:52.226 [info] > git for-each-ref --format=%(refname)%00%(upstream:short)%00%(objectname)%00%(upstream:track)%00%(upstream:remotename)%00%(upstream:remoteref) refs/heads/master refs/remotes/master [41ms]
2025-08-29 13:41:52.226 [warning] [Git][getBranch] No such branch: master
2025-08-29 13:41:52.230 [info] > git config --get commit.template [8ms]
2025-08-29 13:41:52.246 [info] [Git][getRemotes] No remotes found in the git config file
2025-08-29 13:41:52.248 [info] > git for-each-ref --format=%(refname)%00%(upstream:short)%00%(objectname)%00%(upstream:track)%00%(upstream:remotename)%00%(upstream:remoteref) refs/heads/master refs/remotes/master [3ms]
2025-08-29 13:41:52.248 [warning] [Git][getBranch] No such branch: master
2025-08-29 13:41:52.283 [info] > git for-each-ref --sort -committerdate --format %(refname)%00%(objectname)%00%(*objectname) [3ms]
2025-08-29 13:41:52.547 [info] > git status -z -uall [285ms] (cancelled)
2025-08-29 13:41:54.451 [info] > git check-ignore -v -z --stdin [30ms]
2025-08-29 13:41:54.607 [info] > git show --textconv :.config/rmbulk.bash [14ms]
2025-08-29 13:41:54.622 [info] > git ls-files --stage -- .config/rmbulk.bash [16ms]
2025-08-29 13:41:54.637 [info] > git hash-object -t tree /dev/null [16ms]
2025-08-29 13:41:54.637 [warning] [GitFileSystemProvider][readFile] File not found - git:/home/winter/Configs/.config/rmbulk.bash.git?%7B%22path%22%3A%22%2Fhome%2Fwinter%2FConfigs%2F.config%2Frmbulk.bash%22%2C%22ref%22%3A%22%22%7D
2025-08-29 13:41:54.640 [info] > git hash-object -t tree /dev/null [4ms]
2025-08-29 13:41:54.640 [warning] [GitFileSystemProvider][stat] File not found - git:/home/winter/Configs/.config/rmbulk.bash.git?%7B%22path%22%3A%22%2Fhome%2Fwinter%2FConfigs%2F.config%2Frmbulk.bash%22%2C%22ref%22%3A%22%22%7D
2025-08-29 13:42:50.913 [info] [main] Log level: Info
2025-08-29 13:42:50.913 [info] [main] Validating found git in: "git"
2025-08-29 13:42:50.913 [info] [main] Using git "2.50.1" from "git"
2025-08-29 13:42:50.913 [info] [Model][doInitialScan] Initial repository scan started
2025-08-29 13:42:50.913 [info] > git rev-parse --show-toplevel [15ms]
2025-08-29 13:42:50.947 [info] > git rev-parse --git-dir --git-common-dir [21ms]
2025-08-29 13:42:50.965 [info] [Model][openRepository] Opened repository (path): /home/winter/Configs
2025-08-29 13:42:50.965 [info] [Model][openRepository] Opened repository (real path): /home/winter/Configs
2025-08-29 13:42:50.986 [info] > git config --get commit.template [4ms]
2025-08-29 13:42:51.002 [info] [Git][getRemotes] No remotes found in the git config file
2025-08-29 13:42:51.031 [info] > git for-each-ref --format=%(refname)%00%(upstream:short)%00%(objectname)%00%(upstream:track)%00%(upstream:remotename)%00%(upstream:remoteref) refs/heads/master refs/remotes/master [30ms]
2025-08-29 13:42:51.032 [warning] [Git][getBranch] No such branch: master
2025-08-29 13:42:51.094 [info] > git for-each-ref --sort -committerdate --format %(refname)%00%(objectname)%00%(*objectname) [31ms]
2025-08-29 13:42:51.116 [info] > git rev-parse --show-toplevel [2ms]
2025-08-29 13:42:51.134 [info] > git rev-parse --show-toplevel [5ms]
2025-08-29 13:42:51.151 [info] > git rev-parse --show-toplevel [5ms]
2025-08-29 13:42:52.937 [info] > git status -z -uall [1893ms] (cancelled)
2025-08-29 13:42:52.937 [info] > git rev-parse --show-toplevel [1611ms]
2025-08-29 13:42:52.937 [info] > git for-each-ref --format=%(refname)%00%(upstream:short)%00%(objectname)%00%(upstream:track)%00%(upstream:remotename)%00%(upstream:remoteref) refs/heads/master refs/remotes/master [1627ms]
2025-08-29 13:42:52.937 [warning] [Git][getBranch] No such branch: master
2025-08-29 13:42:52.939 [error] [GitHistoryProvider][resolveHEADMergeBase] Failed to resolve merge base for master: Error: No such branch: master.
2025-08-29 13:42:52.990 [info] > git config --get commit.template [55ms]
2025-08-29 13:42:53.005 [info] [Git][getRemotes] No remotes found in the git config file
2025-08-29 13:42:53.005 [info] > git rev-parse --show-toplevel [16ms]
2025-08-29 13:42:53.020 [info] > git check-ignore -v -z --stdin [62ms]
2025-08-29 13:42:53.022 [info] > git for-each-ref --format=%(refname)%00%(upstream:short)%00%(objectname)%00%(upstream:track)%00%(upstream:remotename)%00%(upstream:remoteref) refs/heads/master refs/remotes/master [17ms]
2025-08-29 13:42:53.022 [warning] [Git][getBranch] No such branch: master
2025-08-29 13:42:53.053 [info] > git rev-parse --show-toplevel [34ms]
2025-08-29 13:42:53.066 [info] > git for-each-ref --sort -committerdate --format %(refname)%00%(objectname)%00%(*objectname) [14ms]
2025-08-29 13:42:53.067 [info] > git rev-parse --show-toplevel [2ms]
2025-08-29 13:42:53.081 [info] > git rev-parse --show-toplevel [2ms]
2025-08-29 13:42:53.206 [info] > git status -z -uall [171ms] (cancelled)
2025-08-29 13:42:53.206 [info] > git rev-parse --show-toplevel [113ms]
2025-08-29 13:42:53.223 [info] > git rev-parse --show-toplevel [5ms]
2025-08-29 13:42:54.661 [info] > git rev-parse --show-toplevel [1425ms]
2025-08-29 13:42:54.680 [info] > git rev-parse --show-toplevel [3ms]
2025-08-29 13:42:54.701 [info] > git rev-parse --show-toplevel [3ms]
2025-08-29 13:42:54.730 [info] > git rev-parse --show-toplevel [12ms]
2025-08-29 13:42:54.760 [info] > git rev-parse --show-toplevel [3ms]
2025-08-29 13:42:54.785 [info] > git rev-parse --show-toplevel [3ms]
2025-08-29 13:42:54.802 [info] > git rev-parse --show-toplevel [2ms]
2025-08-29 13:42:54.819 [info] > git rev-parse --show-toplevel [2ms]
2025-08-29 13:42:54.835 [info] > git rev-parse --show-toplevel [2ms]
2025-08-29 13:42:54.850 [info] > git rev-parse --show-toplevel [3ms]
2025-08-29 13:42:54.866 [info] > git rev-parse --show-toplevel [2ms]
2025-08-29 13:42:54.879 [info] > git rev-parse --show-toplevel [2ms]
2025-08-29 13:42:54.894 [info] > git rev-parse --show-toplevel [1ms]
2025-08-29 13:42:54.911 [info] > git rev-parse --show-toplevel [2ms]
2025-08-29 13:42:54.925 [info] > git rev-parse --show-toplevel [2ms]
2025-08-29 13:42:54.940 [info] > git rev-parse --show-toplevel [2ms]
2025-08-29 13:42:54.955 [info] > git rev-parse --show-toplevel [2ms]
2025-08-29 13:42:54.969 [info] > git rev-parse --show-toplevel [2ms]
2025-08-29 13:42:54.983 [info] > git rev-parse --show-toplevel [2ms]
2025-08-29 13:42:54.996 [info] > git rev-parse --show-toplevel [2ms]
2025-08-29 13:42:55.010 [info] > git rev-parse --show-toplevel [2ms]
2025-08-29 13:42:55.023 [info] > git rev-parse --show-toplevel [2ms]
2025-08-29 13:42:55.039 [info] > git rev-parse --show-toplevel [3ms]
2025-08-29 13:42:55.052 [info] > git rev-parse --show-toplevel [1ms]
2025-08-29 13:42:55.067 [info] > git rev-parse --show-toplevel [2ms]
2025-08-29 13:42:55.080 [info] > git rev-parse --show-toplevel [2ms]
2025-08-29 13:42:55.093 [info] > git rev-parse --show-toplevel [2ms]
2025-08-29 13:42:55.106 [info] > git rev-parse --show-toplevel [2ms]
2025-08-29 13:42:55.119 [info] > git rev-parse --show-toplevel [1ms]
2025-08-29 13:42:55.132 [info] > git rev-parse --show-toplevel [2ms]
2025-08-29 13:42:55.144 [info] > git rev-parse --show-toplevel [1ms]
2025-08-29 13:42:55.160 [info] > git rev-parse --show-toplevel [3ms]
2025-08-29 13:42:55.174 [info] > git rev-parse --show-toplevel [3ms]
2025-08-29 13:42:55.187 [info] > git rev-parse --show-toplevel [2ms]
2025-08-29 13:42:55.200 [info] > git rev-parse --show-toplevel [1ms]
2025-08-29 13:42:55.214 [info] > git rev-parse --show-toplevel [2ms]
2025-08-29 13:42:55.227 [info] > git rev-parse --show-toplevel [2ms]
2025-08-29 13:42:55.240 [info] > git rev-parse --show-toplevel [2ms]
2025-08-29 13:42:55.254 [info] > git rev-parse --show-toplevel [2ms]
2025-08-29 13:42:55.266 [info] > git rev-parse --show-toplevel [1ms]
2025-08-29 13:42:55.279 [info] > git rev-parse --show-toplevel [1ms]
2025-08-29 13:42:55.292 [info] > git rev-parse --show-toplevel [2ms]
2025-08-29 13:42:55.292 [info] [Model][doInitialScan] Initial repository scan completed - repositories (1), closed repositories (0), parent repositories (0), unsafe repositories (0)
2025-08-29 13:43:24.255 [info] > git fetch [14ms]
2025-08-29 13:43:24.286 [info] [Git][getRemotes] No remotes found in the git config file
2025-08-29 13:43:24.288 [info] > git config --get commit.template [16ms]
2025-08-29 13:43:24.288 [info] > git for-each-ref --format=%(refname)%00%(upstream:short)%00%(objectname)%00%(upstream:track)%00%(upstream:remotename)%00%(upstream:remoteref) refs/heads/master refs/remotes/master [2ms]
2025-08-29 13:43:24.288 [warning] [Git][getBranch] No such branch: master
2025-08-29 13:43:24.324 [info] > git for-each-ref --sort -committerdate --format %(refname)%00%(objectname)%00%(*objectname) [3ms]
2025-08-29 13:43:24.481 [info] > git status -z -uall [179ms] (cancelled)
2025-08-29 13:43:30.412 [info] > git check-ignore -v -z --stdin [32ms]
2025-08-29 13:43:51.026 [info] > git show --textconv :.config/arkrc [17ms]
2025-08-29 13:43:51.058 [info] > git show --textconv HEAD:.config/arkrc [33ms]
2025-08-29 13:43:51.059 [info] > git ls-files --stage -- .config/arkrc [16ms]
2025-08-29 13:43:51.087 [info] > git cat-file -s 4bc6e47b809c2031a61cb254062b5923dcd33295 [16ms]
2025-08-29 13:43:51.088 [info] > git ls-tree -l HEAD -- .config/arkrc [31ms]
2025-08-29 13:43:51.088 [info] fatal: Not a valid object name HEAD
2025-08-29 13:43:51.103 [info] > git hash-object -t tree /dev/null [17ms]
2025-08-29 13:43:51.103 [warning] [GitFileSystemProvider][readFile] File not found - git:/home/winter/Configs/.config/arkrc.git?%7B%22path%22%3A%22%2Fhome%2Fwinter%2FConfigs%2F.config%2Farkrc%22%2C%22ref%22%3A%22HEAD%22%7D
2025-08-29 13:43:51.107 [info] > git hash-object -t tree /dev/null [5ms]
2025-08-29 13:43:51.107 [warning] [GitFileSystemProvider][stat] File not found - git:/home/winter/Configs/.config/arkrc.git?%7B%22path%22%3A%22%2Fhome%2Fwinter%2FConfigs%2F.config%2Farkrc%22%2C%22ref%22%3A%22HEAD%22%7D
2025-08-29 13:43:56.492 [info] > git show --textconv :.config/baloofileinformationrc [41ms]
2025-08-29 13:43:56.492 [info] > git show --textconv HEAD:.config/baloofileinformationrc [28ms]
2025-08-29 13:43:56.492 [info] > git ls-files --stage -- .config/baloofileinformationrc [15ms]
2025-08-29 13:43:56.506 [warning] [GitFileSystemProvider][readFile] File not found - git:/home/winter/Configs/.config/baloofileinformationrc.git?%7B%22path%22%3A%22%2Fhome%2Fwinter%2FConfigs%2F.config%2Fbaloofileinformationrc%22%2C%22ref%22%3A%22HEAD%22%7D
2025-08-29 13:43:56.509 [info] > git cat-file -s 6d1c1d4abf1aea48b4721d635d33f4ab92edaf68 [4ms]
2025-08-29 13:43:56.510 [info] > git ls-tree -l HEAD -- .config/baloofileinformationrc [19ms]
2025-08-29 13:43:56.510 [info] fatal: Not a valid object name HEAD
2025-08-29 13:43:56.510 [warning] [GitFileSystemProvider][stat] File not found - git:/home/winter/Configs/.config/baloofileinformationrc.git?%7B%22path%22%3A%22%2Fhome%2Fwinter%2FConfigs%2F.config%2Fbaloofileinformationrc%22%2C%22ref%22%3A%22HEAD%22%7D
2025-08-29 13:43:59.449 [info] > git show --textconv :.config/arkrc [43ms]
2025-08-29 13:43:59.449 [info] > git show --textconv HEAD:.config/arkrc [29ms]
2025-08-29 13:43:59.449 [info] > git ls-files --stage -- .config/arkrc [16ms]
2025-08-29 13:43:59.465 [warning] [GitFileSystemProvider][readFile] File not found - git:/home/winter/Configs/.config/arkrc.git?%7B%22path%22%3A%22%2Fhome%2Fwinter%2FConfigs%2F.config%2Farkrc%22%2C%22ref%22%3A%22HEAD%22%7D
2025-08-29 13:43:59.467 [info] > git cat-file -s 4bc6e47b809c2031a61cb254062b5923dcd33295 [4ms]
2025-08-29 13:43:59.468 [info] > git ls-tree -l HEAD -- .config/arkrc [20ms]
2025-08-29 13:43:59.468 [info] fatal: Not a valid object name HEAD
2025-08-29 13:43:59.468 [warning] [GitFileSystemProvider][stat] File not found - git:/home/winter/Configs/.config/arkrc.git?%7B%22path%22%3A%22%2Fhome%2Fwinter%2FConfigs%2F.config%2Farkrc%22%2C%22ref%22%3A%22HEAD%22%7D
2025-08-29 13:45:10.694 [info] > git check-ignore -v -z --stdin [9ms]
2025-08-29 13:47:56.429 [info] > git fetch [13ms]
2025-08-29 13:47:56.460 [info] [Git][getRemotes] No remotes found in the git config file
2025-08-29 13:47:56.462 [info] > git config --get commit.template [16ms]
2025-08-29 13:47:56.462 [info] > git for-each-ref --format=%(refname)%00%(upstream:short)%00%(objectname)%00%(upstream:track)%00%(upstream:remotename)%00%(upstream:remoteref) refs/heads/master refs/remotes/master [2ms]
2025-08-29 13:47:56.463 [warning] [Git][getBranch] No such branch: master
2025-08-29 13:47:56.499 [info] > git for-each-ref --sort -committerdate --format %(refname)%00%(objectname)%00%(*objectname) [2ms]
2025-08-29 13:47:56.689 [info] > git status -z -uall [212ms] (cancelled)
2025-08-29 13:47:59.139 [info] > git ls-files --stage -- .config/arkrc [9ms]
2025-08-29 13:47:59.156 [info] > git cat-file -s 4bc6e47b809c2031a61cb254062b5923dcd33295 [3ms]
2025-08-29 13:47:59.179 [info] > git show --textconv :.config/arkrc [8ms]
2025-08-29 13:47:59.299 [info] > git check-ignore -v -z --stdin [11ms]
2025-08-29 13:51:14.667 [info] > git fetch [10ms]
2025-08-29 13:51:14.695 [info] [Git][getRemotes] No remotes found in the git config file
2025-08-29 13:51:14.696 [info] > git config --get commit.template [15ms]
2025-08-29 13:51:14.697 [info] > git for-each-ref --format=%(refname)%00%(upstream:short)%00%(objectname)%00%(upstream:track)%00%(upstream:remotename)%00%(upstream:remoteref) refs/heads/master refs/remotes/master [3ms]
2025-08-29 13:51:14.697 [warning] [Git][getBranch] No such branch: master
2025-08-29 13:51:14.728 [info] > git for-each-ref --sort -committerdate --format %(refname)%00%(objectname)%00%(*objectname) [2ms]
2025-08-29 13:51:14.867 [info] > git status -z -uall [157ms] (cancelled)
2025-08-29 13:51:18.598 [info] > git ls-files --stage -- .config/arkrc [7ms]
2025-08-29 13:51:18.613 [info] > git cat-file -s 4bc6e47b809c2031a61cb254062b5923dcd33295 [2ms]
2025-08-29 13:51:18.633 [info] > git show --textconv :.config/arkrc [5ms]
2025-08-29 13:56:41.061 [info] > git fetch [14ms]
2025-08-29 13:56:41.094 [info] [Git][getRemotes] No remotes found in the git config file
2025-08-29 13:56:41.095 [info] > git config --get commit.template [15ms]
2025-08-29 13:56:41.096 [info] > git for-each-ref --format=%(refname)%00%(upstream:short)%00%(objectname)%00%(upstream:track)%00%(upstream:remotename)%00%(upstream:remoteref) refs/heads/master refs/remotes/master [3ms]
2025-08-29 13:56:41.096 [warning] [Git][getBranch] No such branch: master
2025-08-29 13:56:41.129 [info] > git for-each-ref --sort -committerdate --format %(refname)%00%(objectname)%00%(*objectname) [3ms]
2025-08-29 13:56:41.329 [info] > git status -z -uall [219ms] (cancelled)
2025-08-29 13:58:21.783 [info] > git log --format=%H%n%aN%n%aE%n%at%n%ct%n%P%n%D%n%B -z --shortstat --diff-merges=first-parent -n50 --skip=0 --topo-order --decorate=full --stdin [3ms]
2025-08-29 13:58:21.783 [info] fatal: bad revision 'refs/heads/master'
2025-08-29 13:58:21.784 [error] [GitHistoryProvider][provideHistoryItems] Failed to get history items with options '{"historyItemRefs":["refs/heads/master"],"limit":50,"skip":0}': Failed to execute git {
  "exitCode": 128,
  "gitCommand": "log",
  "stdout": "",
  "stderr": "fatal: bad revision 'refs/heads/master'\n"
}
2025-08-29 13:58:23.063 [info] > git check-ignore -v -z --stdin [7ms]
2025-08-29 14:00:08.203 [info] > git fetch [13ms]
2025-08-29 14:00:08.234 [info] [Git][getRemotes] No remotes found in the git config file
2025-08-29 14:00:08.235 [info] > git config --get commit.template [16ms]
2025-08-29 14:00:08.236 [info] > git for-each-ref --format=%(refname)%00%(upstream:short)%00%(objectname)%00%(upstream:track)%00%(upstream:remotename)%00%(upstream:remoteref) refs/heads/master refs/remotes/master [2ms]
2025-08-29 14:00:08.236 [warning] [Git][getBranch] No such branch: master
2025-08-29 14:00:08.271 [info] > git for-each-ref --sort -committerdate --format %(refname)%00%(objectname)%00%(*objectname) [2ms]
2025-08-29 14:00:10.459 [info] > git status -z -uall [2210ms] (cancelled)
2025-08-29 14:00:11.005 [info] > git check-ignore -v -z --stdin [25ms]
2025-08-29 14:03:08.567 [info] > git fetch [12ms]
2025-08-29 14:03:08.598 [info] [Git][getRemotes] No remotes found in the git config file
2025-08-29 14:03:08.598 [info] > git config --get commit.template [15ms]
2025-08-29 14:03:08.600 [info] > git for-each-ref --format=%(refname)%00%(upstream:short)%00%(objectname)%00%(upstream:track)%00%(upstream:remotename)%00%(upstream:remoteref) refs/heads/master refs/remotes/master [2ms]
2025-08-29 14:03:08.600 [warning] [Git][getBranch] No such branch: master
2025-08-29 14:03:08.636 [info] > git for-each-ref --sort -committerdate --format %(refname)%00%(objectname)%00%(*objectname) [3ms]
2025-08-29 14:03:11.205 [info] > git status -z -uall [2591ms] (cancelled)
2025-08-29 14:03:11.237 [info] > git log --format=%H%n%aN%n%aE%n%at%n%ct%n%P%n%D%n%B -z --shortstat --diff-merges=first-parent -n50 --skip=0 --topo-order --decorate=full --stdin [6ms]
2025-08-29 14:03:11.237 [info] fatal: bad revision 'refs/heads/master'
2025-08-29 14:03:11.238 [error] [GitHistoryProvider][provideHistoryItems] Failed to get history items with options '{"historyItemRefs":["refs/heads/master"],"limit":50,"skip":0}': Failed to execute git {
  "exitCode": 128,
  "gitCommand": "log",
  "stdout": "",
  "stderr": "fatal: bad revision 'refs/heads/master'\n"
}
2025-08-29 14:03:13.861 [info] > git check-ignore -v -z --stdin [37ms]
2025-08-29 14:03:17.166 [info] [Git][getRemotes] No remotes found in the git config file
2025-08-29 14:03:17.167 [info] > git config --get commit.template [15ms]
2025-08-29 14:03:17.168 [info] > git for-each-ref --format=%(refname)%00%(upstream:short)%00%(objectname)%00%(upstream:track)%00%(upstream:remotename)%00%(upstream:remoteref) refs/heads/master refs/remotes/master [3ms]
2025-08-29 14:03:17.168 [warning] [Git][getBranch] No such branch: master
2025-08-29 14:03:17.202 [info] > git for-each-ref --sort -committerdate --format %(refname)%00%(objectname)%00%(*objectname) [2ms]
2025-08-29 14:03:19.695 [info] > git status -z -uall [2514ms] (cancelled)
2025-08-29 14:03:25.562 [info] > git check-ignore -v -z --stdin [52ms]
2025-08-29 14:04:30.024 [info] > git log --format=%H%n%aN%n%aE%n%at%n%ct%n%P%n%D%n%B -z --shortstat --diff-merges=first-parent -n50 --skip=0 --topo-order --decorate=full --stdin [2ms]
2025-08-29 14:04:30.024 [info] fatal: bad revision 'refs/heads/master'
2025-08-29 14:04:30.025 [error] [GitHistoryProvider][provideHistoryItems] Failed to get history items with options '{"historyItemRefs":["refs/heads/master"],"limit":50,"skip":0}': Failed to execute git {
  "exitCode": 128,
  "gitCommand": "log",
  "stdout": "",
  "stderr": "fatal: bad revision 'refs/heads/master'\n"
}
2025-08-29 14:04:32.510 [info] > git log --format=%H%n%aN%n%aE%n%at%n%ct%n%P%n%D%n%B -z --shortstat --diff-merges=first-parent -n50 --skip=0 --topo-order --decorate=full --stdin [3ms]
2025-08-29 14:04:32.510 [info] fatal: bad revision 'refs/heads/master'
2025-08-29 14:04:32.510 [error] [GitHistoryProvider][provideHistoryItems] Failed to get history items with options '{"historyItemRefs":["refs/heads/master"],"limit":50,"skip":0}': Failed to execute git {
  "exitCode": 128,
  "gitCommand": "log",
  "stdout": "",
  "stderr": "fatal: bad revision 'refs/heads/master'\n"
}
2025-08-29 14:04:34.805 [info] [Git][getRemotes] No remotes found in the git config file
2025-08-29 14:04:34.805 [info] > git config --get commit.template [14ms]
2025-08-29 14:04:34.806 [info] > git for-each-ref --format=%(refname)%00%(upstream:short)%00%(objectname)%00%(upstream:track)%00%(upstream:remotename)%00%(upstream:remoteref) refs/heads/master refs/remotes/master [2ms]
2025-08-29 14:04:34.806 [warning] [Git][getBranch] No such branch: master
2025-08-29 14:04:34.837 [info] > git for-each-ref --sort -committerdate --format %(refname)%00%(objectname)%00%(*objectname) [2ms]
2025-08-29 14:04:36.680 [info] > git status -z -uall [1861ms] (cancelled)
2025-08-29 14:04:47.982 [info] > git log --format=%H%n%aN%n%aE%n%at%n%ct%n%P%n%D%n%B -z --shortstat --diff-merges=first-parent -n50 --skip=0 --topo-order --decorate=full --stdin [2ms]
2025-08-29 14:04:47.982 [info] fatal: bad revision 'refs/heads/master'
2025-08-29 14:04:47.982 [error] [GitHistoryProvider][provideHistoryItems] Failed to get history items with options '{"historyItemRefs":["refs/heads/master"],"limit":50,"skip":0}': Failed to execute git {
  "exitCode": 128,
  "gitCommand": "log",
  "stdout": "",
  "stderr": "fatal: bad revision 'refs/heads/master'\n"
}
2025-08-29 14:04:52.062 [info] > git log --format=%H%n%aN%n%aE%n%at%n%ct%n%P%n%D%n%B -z --shortstat --diff-merges=first-parent -n50 --skip=0 --topo-order --decorate=full --stdin [2ms]
2025-08-29 14:04:52.062 [info] fatal: bad revision 'refs/heads/master'
2025-08-29 14:04:52.063 [error] [GitHistoryProvider][provideHistoryItems] Failed to get history items with options '{"historyItemRefs":["refs/heads/master"],"limit":50,"skip":0}': Failed to execute git {
  "exitCode": 128,
  "gitCommand": "log",
  "stdout": "",
  "stderr": "fatal: bad revision 'refs/heads/master'\n"
}
2025-08-29 14:04:54.286 [info] [Git][getRemotes] No remotes found in the git config file
2025-08-29 14:04:54.286 [info] > git config --get commit.template [14ms]
2025-08-29 14:04:54.288 [info] > git for-each-ref --format=%(refname)%00%(upstream:short)%00%(objectname)%00%(upstream:track)%00%(upstream:remotename)%00%(upstream:remoteref) refs/heads/master refs/remotes/master [2ms]
2025-08-29 14:04:54.288 [warning] [Git][getBranch] No such branch: master
2025-08-29 14:04:54.319 [info] > git for-each-ref --sort -committerdate --format %(refname)%00%(objectname)%00%(*objectname) [1ms]
2025-08-29 14:04:56.130 [info] > git status -z -uall [1830ms] (cancelled)
2025-08-29 14:05:07.603 [info] > git show --textconv :.config/Code/Cache/Cache_Data/22af3b14c8362e5a_0 [24ms]
2025-08-29 14:05:07.613 [info] > git ls-files --stage -- .config/Code/Cache/Cache_Data/22af3b14c8362e5a_0 [17ms]
2025-08-29 14:05:07.632 [info] > git cat-file -s 1506fae47976d5a187f36925acd2df256b0e6655 [4ms]
2025-08-29 14:05:07.672 [info] > git ls-files --stage -- .config/Code/Cache/Cache_Data/22af3b14c8362e5a_0 [8ms]
2025-08-29 14:05:07.691 [info] > git cat-file -s 1506fae47976d5a187f36925acd2df256b0e6655 [3ms]
2025-08-29 14:05:07.725 [info] > git ls-files --stage -- .config/Code/Cache/Cache_Data/22af3b14c8362e5a_0 [8ms]
2025-08-29 14:05:07.742 [info] > git cat-file -s 1506fae47976d5a187f36925acd2df256b0e6655 [3ms]
2025-08-29 14:05:08.123 [info] > git check-ignore -v -z --stdin [12ms]
