2025-08-29 13:41:43.276 [info] Extension host with pid 2137353 started
2025-08-29 13:41:43.456 [info] ExtensionService#_doActivateExtension vscode.emmet, startup: false, activationEvent: 'onLanguage'
2025-08-29 13:41:43.576 [info] ExtensionService#_doActivateExtension vscode.git-base, startup: true, activationEvent: '*', root cause: vscode.git
2025-08-29 13:41:43.630 [info] ExtensionService#_doActivateExtension vscode.git, startup: true, activationEvent: '*'
2025-08-29 13:41:43.717 [info] ExtensionService#_doActivateExtension vscode.github, startup: true, activationEvent: '*'
2025-08-29 13:41:43.840 [info] Eager extensions activated
2025-08-29 13:41:43.847 [info] ExtensionService#_doActivateExtension vscode.configuration-editing, startup: false, activationEvent: 'onLanguage:jsonc'
2025-08-29 13:41:43.863 [info] ExtensionService#_doActivateExtension vscode.json-language-features, startup: false, activationEvent: 'onLanguage:jsonc'
2025-08-29 13:41:43.959 [info] ExtensionService#_doActivateExtension vscode.typescript-language-features, startup: false, activationEvent: 'onLanguage:jsonc'
2025-08-29 13:41:44.061 [info] ExtensionService#_doActivateExtension vscode.debug-auto-launch, startup: false, activationEvent: 'onStartupFinished'
2025-08-29 13:41:44.064 [info] ExtensionService#_doActivateExtension vscode.merge-conflict, startup: false, activationEvent: 'onStartupFinished'
2025-08-29 13:41:44.091 [info] ExtensionService#_doActivateExtension PKief.material-icon-theme, startup: false, activationEvent: 'onStartupFinished'
2025-08-29 13:41:44.108 [info] ExtensionService#_doActivateExtension yandeu.five-server, startup: false, activationEvent: 'onStartupFinished'
2025-08-29 13:41:52.528 [warning] [Decorations] CAPPING events from decorations provider vscode.git 10000
2025-08-29 13:42:48.098 [info] Extension host terminating: renderer closed the MessagePort
2025-08-29 13:42:48.126 [info] Extension host with pid 2137353 exiting with code 0
2025-08-29 13:42:50.523 [info] Extension host with pid 2137852 started
2025-08-29 13:42:50.524 [info] Skipping acquiring lock for /home/winter/.config/VSCodium/User/workspaceStorage/7177d8cf6e8be586966e1f72fafdae44.
2025-08-29 13:42:50.551 [info] ExtensionService#_doActivateExtension vscode.git-base, startup: true, activationEvent: '*', root cause: vscode.git
2025-08-29 13:42:50.568 [info] ExtensionService#_doActivateExtension vscode.git, startup: true, activationEvent: '*'
2025-08-29 13:42:50.637 [info] ExtensionService#_doActivateExtension vscode.github, startup: true, activationEvent: '*'
2025-08-29 13:42:50.757 [info] Eager extensions activated
2025-08-29 13:42:50.791 [info] ExtensionService#_doActivateExtension vscode.debug-auto-launch, startup: false, activationEvent: 'onStartupFinished'
2025-08-29 13:42:50.795 [info] ExtensionService#_doActivateExtension vscode.merge-conflict, startup: false, activationEvent: 'onStartupFinished'
2025-08-29 13:42:50.820 [info] ExtensionService#_doActivateExtension PKief.material-icon-theme, startup: false, activationEvent: 'onStartupFinished'
2025-08-29 13:42:50.839 [info] ExtensionService#_doActivateExtension yandeu.five-server, startup: false, activationEvent: 'onStartupFinished'
2025-08-29 13:42:51.004 [info] ExtensionService#_doActivateExtension vscode.emmet, startup: false, activationEvent: 'onLanguage'
2025-08-29 13:42:51.281 [warning] [Decorations] CAPPING events from decorations provider vscode.git 10000
2025-08-29 13:42:53.191 [warning] [Decorations] CAPPING events from decorations provider vscode.git 10000
2025-08-29 13:42:56.700 [info] ExtensionService#_doActivateExtension vscode.configuration-editing, startup: false, activationEvent: 'onLanguage:jsonc'
2025-08-29 13:42:56.721 [info] ExtensionService#_doActivateExtension vscode.json-language-features, startup: false, activationEvent: 'onLanguage:jsonc'
2025-08-29 13:42:56.841 [info] ExtensionService#_doActivateExtension vscode.typescript-language-features, startup: false, activationEvent: 'onLanguage:jsonc'
2025-08-29 13:43:24.470 [warning] [Decorations] CAPPING events from decorations provider vscode.git 10000
2025-08-29 13:47:56.672 [warning] [Decorations] CAPPING events from decorations provider vscode.git 10001
2025-08-29 13:51:14.853 [warning] [Decorations] CAPPING events from decorations provider vscode.git 10004
2025-08-29 13:56:41.310 [warning] [Decorations] CAPPING events from decorations provider vscode.git 10014
2025-08-29 14:00:08.507 [warning] [Decorations] CAPPING events from decorations provider vscode.git 11514
2025-08-29 14:03:08.863 [warning] [Decorations] CAPPING events from decorations provider vscode.git 11535
2025-08-29 14:03:17.432 [warning] [Decorations] CAPPING events from decorations provider vscode.git 11535
2025-08-29 14:04:35.012 [warning] [Decorations] CAPPING events from decorations provider vscode.git 12179
2025-08-29 14:04:54.490 [warning] [Decorations] CAPPING events from decorations provider vscode.git 12179
2025-08-29 14:05:12.636 [info] Extension host terminating: renderer closed the MessagePort
2025-08-29 14:05:12.661 [info] Extension host with pid 2137852 exiting with code 0
